0 info it worked if it ends with ok
1 verbose cli [ 'C:\\SWDTOOLS\\nodejs\\node.exe',
1 verbose cli   'C:\\Users\\44007368\\AppData\\Roaming\\npm\\node_modules\\npm\\bin\\npm-cli.js',
1 verbose cli   'install',
1 verbose cli   '--global',
1 verbose cli   'filesystem-bower-resolver' ]
2 info using npm@4.0.5
3 info using node@v5.7.0
4 silly loadCurrentTree Starting
5 silly install loadCurrentTree
6 silly install readGlobalPackageData
7 silly fetchPackageMetaData filesystem-bower-resolver
8 silly fetchNamedPackageData filesystem-bower-resolver
9 silly mapToRegistry name filesystem-bower-resolver
10 silly mapToRegistry using default registry
11 silly mapToRegistry registry https://registry.npmjs.org/
12 silly mapToRegistry data Result {
12 silly mapToRegistry   raw: 'filesystem-bower-resolver',
12 silly mapToRegistry   scope: null,
12 silly mapToRegistry   escapedName: 'filesystem-bower-resolver',
12 silly mapToRegistry   name: 'filesystem-bower-resolver',
12 silly mapToRegistry   rawSpec: '',
12 silly mapToRegistry   spec: 'latest',
12 silly mapToRegistry   type: 'tag' }
13 silly mapToRegistry uri https://registry.npmjs.org/filesystem-bower-resolver
14 verbose request uri https://registry.npmjs.org/filesystem-bower-resolver
15 verbose request no auth needed
16 info attempt registry request try #1 at 4:26:30 PM
17 verbose request id 68ab17121b2a377f
18 http request GET https://registry.npmjs.org/filesystem-bower-resolver
19 http 200 https://registry.npmjs.org/filesystem-bower-resolver
20 verbose headers { server: 'nginx/1.10.1',
20 verbose headers   'content-type': 'application/json',
20 verbose headers   'last-modified': 'Thu, 22 Sep 2016 13:01:33 GMT',
20 verbose headers   etag: 'W/"57e3d62d-174d"',
20 verbose headers   'cache-control': 'max-age=300',
20 verbose headers   'content-length': '1419',
20 verbose headers   'accept-ranges': 'bytes',
20 verbose headers   date: 'Tue, 31 Jan 2017 16:26:30 GMT',
20 verbose headers   via: '1.1 varnish',
20 verbose headers   'x-served-by': 'cache-lhr6321-LHR',
20 verbose headers   'x-cache': 'MISS',
20 verbose headers   'x-cache-hits': '0',
20 verbose headers   'x-timer': 'S1485865940.386855,VS0,VE19',
20 verbose headers   vary: 'Accept-Encoding',
20 verbose headers   connection: 'close',
20 verbose headers   'content-encoding': 'gzip',
20 verbose headers   age: '0' }
21 silly get cb [ 200,
21 silly get   { server: 'nginx/1.10.1',
21 silly get     'content-type': 'application/json',
21 silly get     'last-modified': 'Thu, 22 Sep 2016 13:01:33 GMT',
21 silly get     etag: 'W/"57e3d62d-174d"',
21 silly get     'cache-control': 'max-age=300',
21 silly get     'content-length': '1419',
21 silly get     'accept-ranges': 'bytes',
21 silly get     date: 'Tue, 31 Jan 2017 16:26:30 GMT',
21 silly get     via: '1.1 varnish',
21 silly get     'x-served-by': 'cache-lhr6321-LHR',
21 silly get     'x-cache': 'MISS',
21 silly get     'x-cache-hits': '0',
21 silly get     'x-timer': 'S1485865940.386855,VS0,VE19',
21 silly get     vary: 'Accept-Encoding',
21 silly get     connection: 'close',
21 silly get     'content-encoding': 'gzip',
21 silly get     age: '0' } ]
22 verbose get saving filesystem-bower-resolver to C:\Users\44007368\AppData\Roaming\npm-cache\registry.npmjs.org\filesystem-bower-resolver\.cache.json
23 verbose correctMkdir C:\Users\44007368\AppData\Roaming\npm-cache correctMkdir not in flight; initializing
24 silly install normalizeTree
25 silly loadCurrentTree Finishing
26 silly loadIdealTree Starting
27 silly install loadIdealTree
28 silly cloneCurrentTree Starting
29 silly install cloneCurrentTreeToIdealTree
30 silly cloneCurrentTree Finishing
31 silly loadShrinkwrap Starting
32 silly install loadShrinkwrap
33 silly loadShrinkwrap Finishing
34 silly loadAllDepsIntoIdealTree Starting
35 silly install loadAllDepsIntoIdealTree
36 silly resolveWithNewModule filesystem-bower-resolver@1.2.0 checking installable status
37 silly cache add args [ 'filesystem-bower-resolver', null ]
38 verbose cache add spec filesystem-bower-resolver
39 silly cache add parsed spec Result {
39 silly cache add   raw: 'filesystem-bower-resolver',
39 silly cache add   scope: null,
39 silly cache add   escapedName: 'filesystem-bower-resolver',
39 silly cache add   name: 'filesystem-bower-resolver',
39 silly cache add   rawSpec: '',
39 silly cache add   spec: 'latest',
39 silly cache add   type: 'tag' }
40 silly addNamed filesystem-bower-resolver@latest
41 verbose addNamed "latest" is being treated as a dist-tag for filesystem-bower-resolver
42 info addNameTag [ 'filesystem-bower-resolver', 'latest' ]
43 silly mapToRegistry name filesystem-bower-resolver
44 silly mapToRegistry using default registry
45 silly mapToRegistry registry https://registry.npmjs.org/
46 silly mapToRegistry data Result {
46 silly mapToRegistry   raw: 'filesystem-bower-resolver',
46 silly mapToRegistry   scope: null,
46 silly mapToRegistry   escapedName: 'filesystem-bower-resolver',
46 silly mapToRegistry   name: 'filesystem-bower-resolver',
46 silly mapToRegistry   rawSpec: '',
46 silly mapToRegistry   spec: 'latest',
46 silly mapToRegistry   type: 'tag' }
47 silly mapToRegistry uri https://registry.npmjs.org/filesystem-bower-resolver
48 verbose addNameTag registry:https://registry.npmjs.org/filesystem-bower-resolver not in flight; fetching
49 verbose get https://registry.npmjs.org/filesystem-bower-resolver not expired, no request
50 silly addNameTag next cb for filesystem-bower-resolver with tag latest
51 silly addNamed filesystem-bower-resolver@1.2.0
52 verbose addNamed "1.2.0" is a plain semver version for filesystem-bower-resolver
53 silly mapToRegistry name filesystem-bower-resolver
54 silly mapToRegistry using default registry
55 silly mapToRegistry registry https://registry.npmjs.org/
56 silly mapToRegistry data Result {
56 silly mapToRegistry   raw: 'filesystem-bower-resolver',
56 silly mapToRegistry   scope: null,
56 silly mapToRegistry   escapedName: 'filesystem-bower-resolver',
56 silly mapToRegistry   name: 'filesystem-bower-resolver',
56 silly mapToRegistry   rawSpec: '',
56 silly mapToRegistry   spec: 'latest',
56 silly mapToRegistry   type: 'tag' }
57 silly mapToRegistry uri https://registry.npmjs.org/filesystem-bower-resolver
58 verbose addRemoteTarball https://registry.npmjs.org/filesystem-bower-resolver/-/filesystem-bower-resolver-1.2.0.tgz not in flight; adding
59 verbose addRemoteTarball [ 'https://registry.npmjs.org/filesystem-bower-resolver/-/filesystem-bower-resolver-1.2.0.tgz',
59 verbose addRemoteTarball   '70bba425d5884135a265b9e66feaf9e27131f667' ]
60 info retry fetch attempt 1 at 4:26:30 PM
61 info attempt registry request try #1 at 4:26:30 PM
62 http fetch GET https://registry.npmjs.org/filesystem-bower-resolver/-/filesystem-bower-resolver-1.2.0.tgz
63 http fetch 200 https://registry.npmjs.org/filesystem-bower-resolver/-/filesystem-bower-resolver-1.2.0.tgz
64 silly fetchAndShaCheck shasum 70bba425d5884135a265b9e66feaf9e27131f667
65 verbose addTmpTarball C:\Users\44007368\AppData\Local\Temp\npm-3872-5ce17ba5\registry.npmjs.org\filesystem-bower-resolver\-\filesystem-bower-resolver-1.2.0.tgz not in flight; adding
66 verbose addTmpTarball already have metadata; skipping unpack for filesystem-bower-resolver@1.2.0
67 verbose correctMkdir C:\Users\44007368\AppData\Roaming\npm-cache correctMkdir not in flight; initializing
68 silly cache afterAdd filesystem-bower-resolver@1.2.0
69 verbose afterAdd C:\Users\44007368\AppData\Roaming\npm-cache\filesystem-bower-resolver\1.2.0\package\package.json not in flight; writing
70 verbose correctMkdir C:\Users\44007368\AppData\Roaming\npm-cache correctMkdir not in flight; initializing
71 verbose afterAdd C:\Users\44007368\AppData\Roaming\npm-cache\filesystem-bower-resolver\1.2.0\package\package.json written
72 silly fetchNamedPackageData fs-extra-promise
73 silly mapToRegistry name fs-extra-promise
74 silly mapToRegistry using default registry
75 silly mapToRegistry registry https://registry.npmjs.org/
76 silly mapToRegistry data Result {
76 silly mapToRegistry   raw: 'fs-extra-promise',
76 silly mapToRegistry   scope: null,
76 silly mapToRegistry   escapedName: 'fs-extra-promise',
76 silly mapToRegistry   name: 'fs-extra-promise',
76 silly mapToRegistry   rawSpec: '',
76 silly mapToRegistry   spec: 'latest',
76 silly mapToRegistry   type: 'tag' }
77 silly mapToRegistry uri https://registry.npmjs.org/fs-extra-promise
78 silly fetchNamedPackageData tmp
79 silly mapToRegistry name tmp
80 silly mapToRegistry using default registry
81 silly mapToRegistry registry https://registry.npmjs.org/
82 silly mapToRegistry data Result {
82 silly mapToRegistry   raw: 'tmp',
82 silly mapToRegistry   scope: null,
82 silly mapToRegistry   escapedName: 'tmp',
82 silly mapToRegistry   name: 'tmp',
82 silly mapToRegistry   rawSpec: '',
82 silly mapToRegistry   spec: 'latest',
82 silly mapToRegistry   type: 'tag' }
83 silly mapToRegistry uri https://registry.npmjs.org/tmp
84 verbose request uri https://registry.npmjs.org/fs-extra-promise
85 verbose request no auth needed
86 info attempt registry request try #1 at 4:26:31 PM
87 http request GET https://registry.npmjs.org/fs-extra-promise
88 verbose request uri https://registry.npmjs.org/tmp
89 verbose request no auth needed
90 info attempt registry request try #1 at 4:26:31 PM
91 http request GET https://registry.npmjs.org/tmp
92 http 200 https://registry.npmjs.org/tmp
93 verbose headers { server: 'nginx/1.10.1',
93 verbose headers   'content-type': 'application/json',
93 verbose headers   'last-modified': 'Sun, 29 Jan 2017 11:23:50 GMT',
93 verbose headers   etag: 'W/"588dd0c6-a840"',
93 verbose headers   'cache-control': 'max-age=300',
93 verbose headers   'content-length': '6303',
93 verbose headers   'accept-ranges': 'bytes',
93 verbose headers   date: 'Tue, 31 Jan 2017 16:26:31 GMT',
93 verbose headers   via: '1.1 varnish',
93 verbose headers   'x-served-by': 'cache-lhr6345-LHR',
93 verbose headers   'x-cache': 'HIT',
93 verbose headers   'x-cache-hits': '2057',
93 verbose headers   'x-timer': 'S1485879991.346223,VS0,VE0',
93 verbose headers   vary: 'Accept-Encoding',
93 verbose headers   connection: 'close',
93 verbose headers   'content-encoding': 'gzip',
93 verbose headers   age: '232' }
94 silly get cb [ 200,
94 silly get   { server: 'nginx/1.10.1',
94 silly get     'content-type': 'application/json',
94 silly get     'last-modified': 'Sun, 29 Jan 2017 11:23:50 GMT',
94 silly get     etag: 'W/"588dd0c6-a840"',
94 silly get     'cache-control': 'max-age=300',
94 silly get     'content-length': '6303',
94 silly get     'accept-ranges': 'bytes',
94 silly get     date: 'Tue, 31 Jan 2017 16:26:31 GMT',
94 silly get     via: '1.1 varnish',
94 silly get     'x-served-by': 'cache-lhr6345-LHR',
94 silly get     'x-cache': 'HIT',
94 silly get     'x-cache-hits': '2057',
94 silly get     'x-timer': 'S1485879991.346223,VS0,VE0',
94 silly get     vary: 'Accept-Encoding',
94 silly get     connection: 'close',
94 silly get     'content-encoding': 'gzip',
94 silly get     age: '232' } ]
95 verbose get saving tmp to C:\Users\44007368\AppData\Roaming\npm-cache\registry.npmjs.org\tmp\.cache.json
96 verbose correctMkdir C:\Users\44007368\AppData\Roaming\npm-cache correctMkdir not in flight; initializing
97 http 200 https://registry.npmjs.org/fs-extra-promise
98 verbose headers { server: 'nginx/1.10.1',
98 verbose headers   'content-type': 'application/json',
98 verbose headers   'last-modified': 'Sat, 14 Jan 2017 11:43:13 GMT',
98 verbose headers   etag: 'W/"587a0ed1-50f4"',
98 verbose headers   'cache-control': 'max-age=300',
98 verbose headers   'content-length': '3577',
98 verbose headers   'accept-ranges': 'bytes',
98 verbose headers   date: 'Tue, 31 Jan 2017 16:26:31 GMT',
98 verbose headers   via: '1.1 varnish',
98 verbose headers   'x-served-by': 'cache-lhr6342-LHR',
98 verbose headers   'x-cache': 'HIT',
98 verbose headers   'x-cache-hits': '1',
98 verbose headers   'x-timer': 'S1485879991.357791,VS0,VE17',
98 verbose headers   vary: 'Accept-Encoding',
98 verbose headers   connection: 'close',
98 verbose headers   'content-encoding': 'gzip',
98 verbose headers   age: '0' }
99 silly get cb [ 200,
99 silly get   { server: 'nginx/1.10.1',
99 silly get     'content-type': 'application/json',
99 silly get     'last-modified': 'Sat, 14 Jan 2017 11:43:13 GMT',
99 silly get     etag: 'W/"587a0ed1-50f4"',
99 silly get     'cache-control': 'max-age=300',
99 silly get     'content-length': '3577',
99 silly get     'accept-ranges': 'bytes',
99 silly get     date: 'Tue, 31 Jan 2017 16:26:31 GMT',
99 silly get     via: '1.1 varnish',
99 silly get     'x-served-by': 'cache-lhr6342-LHR',
99 silly get     'x-cache': 'HIT',
99 silly get     'x-cache-hits': '1',
99 silly get     'x-timer': 'S1485879991.357791,VS0,VE17',
99 silly get     vary: 'Accept-Encoding',
99 silly get     connection: 'close',
99 silly get     'content-encoding': 'gzip',
99 silly get     age: '0' } ]
100 verbose get saving fs-extra-promise to C:\Users\44007368\AppData\Roaming\npm-cache\registry.npmjs.org\fs-extra-promise\.cache.json
101 verbose correctMkdir C:\Users\44007368\AppData\Roaming\npm-cache correctMkdir not in flight; initializing
102 silly resolveWithNewModule tmp@0.0.27 checking installable status
103 silly cache add args [ 'tmp@0.0.27', null ]
104 verbose cache add spec tmp@0.0.27
105 silly cache add parsed spec Result {
105 silly cache add   raw: 'tmp@0.0.27',
105 silly cache add   scope: null,
105 silly cache add   escapedName: 'tmp',
105 silly cache add   name: 'tmp',
105 silly cache add   rawSpec: '0.0.27',
105 silly cache add   spec: '0.0.27',
105 silly cache add   type: 'version' }
106 silly addNamed tmp@0.0.27
107 verbose addNamed "0.0.27" is a plain semver version for tmp
108 silly mapToRegistry name tmp
109 silly mapToRegistry using default registry
110 silly mapToRegistry registry https://registry.npmjs.org/
111 silly mapToRegistry data Result {
111 silly mapToRegistry   raw: 'tmp',
111 silly mapToRegistry   scope: null,
111 silly mapToRegistry   escapedName: 'tmp',
111 silly mapToRegistry   name: 'tmp',
111 silly mapToRegistry   rawSpec: '',
111 silly mapToRegistry   spec: 'latest',
111 silly mapToRegistry   type: 'tag' }
112 silly mapToRegistry uri https://registry.npmjs.org/tmp
113 verbose addNameVersion registry:https://registry.npmjs.org/tmp not in flight; fetching
114 verbose get https://registry.npmjs.org/tmp not expired, no request
115 silly mapToRegistry name tmp
116 silly mapToRegistry using default registry
117 silly mapToRegistry registry https://registry.npmjs.org/
118 silly mapToRegistry data Result {
118 silly mapToRegistry   raw: 'tmp',
118 silly mapToRegistry   scope: null,
118 silly mapToRegistry   escapedName: 'tmp',
118 silly mapToRegistry   name: 'tmp',
118 silly mapToRegistry   rawSpec: '',
118 silly mapToRegistry   spec: 'latest',
118 silly mapToRegistry   type: 'tag' }
119 silly mapToRegistry uri https://registry.npmjs.org/tmp
120 verbose addRemoteTarball https://registry.npmjs.org/tmp/-/tmp-0.0.27.tgz not in flight; adding
121 verbose addRemoteTarball [ 'https://registry.npmjs.org/tmp/-/tmp-0.0.27.tgz',
121 verbose addRemoteTarball   '6aaf42a2d7664150ab528287068ecbc27139a013' ]
122 info retry fetch attempt 1 at 4:26:31 PM
123 info attempt registry request try #1 at 4:26:31 PM
124 http fetch GET https://registry.npmjs.org/tmp/-/tmp-0.0.27.tgz
125 silly resolveWithNewModule fs-extra-promise@0.2.1 checking installable status
126 silly cache add args [ 'fs-extra-promise@^0.2.1', null ]
127 verbose cache add spec fs-extra-promise@^0.2.1
128 silly cache add parsed spec Result {
128 silly cache add   raw: 'fs-extra-promise@^0.2.1',
128 silly cache add   scope: null,
128 silly cache add   escapedName: 'fs-extra-promise',
128 silly cache add   name: 'fs-extra-promise',
128 silly cache add   rawSpec: '^0.2.1',
128 silly cache add   spec: '>=0.2.1 <0.3.0',
128 silly cache add   type: 'range' }
129 silly addNamed fs-extra-promise@>=0.2.1 <0.3.0
130 verbose addNamed ">=0.2.1 <0.3.0" is a valid semver range for fs-extra-promise
131 silly addNameRange { name: 'fs-extra-promise',
131 silly addNameRange   range: '>=0.2.1 <0.3.0',
131 silly addNameRange   hasData: false }
132 silly mapToRegistry name fs-extra-promise
133 silly mapToRegistry using default registry
134 silly mapToRegistry registry https://registry.npmjs.org/
135 silly mapToRegistry data Result {
135 silly mapToRegistry   raw: 'fs-extra-promise',
135 silly mapToRegistry   scope: null,
135 silly mapToRegistry   escapedName: 'fs-extra-promise',
135 silly mapToRegistry   name: 'fs-extra-promise',
135 silly mapToRegistry   rawSpec: '',
135 silly mapToRegistry   spec: 'latest',
135 silly mapToRegistry   type: 'tag' }
136 silly mapToRegistry uri https://registry.npmjs.org/fs-extra-promise
137 verbose addNameRange registry:https://registry.npmjs.org/fs-extra-promise not in flight; fetching
138 verbose get https://registry.npmjs.org/fs-extra-promise not expired, no request
139 silly addNameRange number 2 { name: 'fs-extra-promise',
139 silly addNameRange   range: '>=0.2.1 <0.3.0',
139 silly addNameRange   hasData: true }
140 silly addNameRange versions [ 'fs-extra-promise',
140 silly addNameRange   [ '0.0.1',
140 silly addNameRange     '0.1.0',
140 silly addNameRange     '0.1.1',
140 silly addNameRange     '0.1.2',
140 silly addNameRange     '0.1.3',
140 silly addNameRange     '0.2.0',
140 silly addNameRange     '0.2.1',
140 silly addNameRange     '0.3.0',
140 silly addNameRange     '0.3.1',
140 silly addNameRange     '0.4.0',
140 silly addNameRange     '0.4.1' ] ]
141 silly addNamed fs-extra-promise@0.2.1
142 verbose addNamed "0.2.1" is a plain semver version for fs-extra-promise
143 silly mapToRegistry name fs-extra-promise
144 silly mapToRegistry using default registry
145 silly mapToRegistry registry https://registry.npmjs.org/
146 silly mapToRegistry data Result {
146 silly mapToRegistry   raw: 'fs-extra-promise',
146 silly mapToRegistry   scope: null,
146 silly mapToRegistry   escapedName: 'fs-extra-promise',
146 silly mapToRegistry   name: 'fs-extra-promise',
146 silly mapToRegistry   rawSpec: '',
146 silly mapToRegistry   spec: 'latest',
146 silly mapToRegistry   type: 'tag' }
147 silly mapToRegistry uri https://registry.npmjs.org/fs-extra-promise
148 verbose addRemoteTarball https://registry.npmjs.org/fs-extra-promise/-/fs-extra-promise-0.2.1.tgz not in flight; adding
149 verbose addRemoteTarball [ 'https://registry.npmjs.org/fs-extra-promise/-/fs-extra-promise-0.2.1.tgz',
149 verbose addRemoteTarball   '7a8999833e6c1d2a9e5696aa63ed9d25ae00b1da' ]
150 info retry fetch attempt 1 at 4:26:31 PM
151 info attempt registry request try #1 at 4:26:31 PM
152 http fetch GET https://registry.npmjs.org/fs-extra-promise/-/fs-extra-promise-0.2.1.tgz
153 http fetch 200 https://registry.npmjs.org/fs-extra-promise/-/fs-extra-promise-0.2.1.tgz
154 silly fetchAndShaCheck shasum 7a8999833e6c1d2a9e5696aa63ed9d25ae00b1da
155 verbose addTmpTarball C:\Users\44007368\AppData\Local\Temp\npm-3872-5ce17ba5\registry.npmjs.org\fs-extra-promise\-\fs-extra-promise-0.2.1.tgz not in flight; adding
156 verbose addTmpTarball already have metadata; skipping unpack for fs-extra-promise@0.2.1
157 verbose correctMkdir C:\Users\44007368\AppData\Roaming\npm-cache correctMkdir not in flight; initializing
158 silly cache afterAdd fs-extra-promise@0.2.1
159 verbose afterAdd C:\Users\44007368\AppData\Roaming\npm-cache\fs-extra-promise\0.2.1\package\package.json not in flight; writing
160 verbose correctMkdir C:\Users\44007368\AppData\Roaming\npm-cache correctMkdir not in flight; initializing
161 verbose afterAdd C:\Users\44007368\AppData\Roaming\npm-cache\fs-extra-promise\0.2.1\package\package.json written
162 http fetch 200 https://registry.npmjs.org/tmp/-/tmp-0.0.27.tgz
163 silly fetchAndShaCheck shasum 6aaf42a2d7664150ab528287068ecbc27139a013
164 verbose addTmpTarball C:\Users\44007368\AppData\Local\Temp\npm-3872-5ce17ba5\registry.npmjs.org\tmp\-\tmp-0.0.27.tgz not in flight; adding
165 verbose addTmpTarball already have metadata; skipping unpack for tmp@0.0.27
166 verbose correctMkdir C:\Users\44007368\AppData\Roaming\npm-cache correctMkdir not in flight; initializing
167 silly cache afterAdd tmp@0.0.27
168 verbose afterAdd C:\Users\44007368\AppData\Roaming\npm-cache\tmp\0.0.27\package\package.json not in flight; writing
169 verbose correctMkdir C:\Users\44007368\AppData\Roaming\npm-cache correctMkdir not in flight; initializing
170 verbose afterAdd C:\Users\44007368\AppData\Roaming\npm-cache\tmp\0.0.27\package\package.json written
171 silly fetchNamedPackageData fs-extra
172 silly mapToRegistry name fs-extra
173 silly mapToRegistry using default registry
174 silly mapToRegistry registry https://registry.npmjs.org/
175 silly mapToRegistry data Result {
175 silly mapToRegistry   raw: 'fs-extra',
175 silly mapToRegistry   scope: null,
175 silly mapToRegistry   escapedName: 'fs-extra',
175 silly mapToRegistry   name: 'fs-extra',
175 silly mapToRegistry   rawSpec: '',
175 silly mapToRegistry   spec: 'latest',
175 silly mapToRegistry   type: 'tag' }
176 silly mapToRegistry uri https://registry.npmjs.org/fs-extra
177 silly fetchNamedPackageData bluebird
178 silly mapToRegistry name bluebird
179 silly mapToRegistry using default registry
180 silly mapToRegistry registry https://registry.npmjs.org/
181 silly mapToRegistry data Result {
181 silly mapToRegistry   raw: 'bluebird',
181 silly mapToRegistry   scope: null,
181 silly mapToRegistry   escapedName: 'bluebird',
181 silly mapToRegistry   name: 'bluebird',
181 silly mapToRegistry   rawSpec: '',
181 silly mapToRegistry   spec: 'latest',
181 silly mapToRegistry   type: 'tag' }
182 silly mapToRegistry uri https://registry.npmjs.org/bluebird
183 verbose request uri https://registry.npmjs.org/fs-extra
184 verbose request no auth needed
185 info attempt registry request try #1 at 4:26:31 PM
186 http request GET https://registry.npmjs.org/fs-extra
187 verbose request uri https://registry.npmjs.org/bluebird
188 verbose request no auth needed
189 info attempt registry request try #1 at 4:26:31 PM
190 http request GET https://registry.npmjs.org/bluebird
191 info retry will retry, error on last attempt: Error: read ECONNRESET
192 info retry will retry, error on last attempt: Error: read ECONNRESET
193 info attempt registry request try #2 at 4:31:45 PM
194 http request GET https://registry.npmjs.org/bluebird
195 http 200 https://registry.npmjs.org/bluebird
196 verbose headers { server: 'nginx/1.10.1',
196 verbose headers   'content-type': 'application/json',
196 verbose headers   'last-modified': 'Tue, 31 Jan 2017 06:16:08 GMT',
196 verbose headers   etag: 'W/"58902ba8-5f72a"',
196 verbose headers   'cache-control': 'max-age=300',
196 verbose headers   'content-length': '26023',
196 verbose headers   'accept-ranges': 'bytes',
196 verbose headers   date: 'Tue, 31 Jan 2017 16:31:45 GMT',
196 verbose headers   via: '1.1 varnish',
196 verbose headers   'x-served-by': 'cache-lhr6325-LHR',
196 verbose headers   'x-cache': 'HIT',
196 verbose headers   'x-cache-hits': '9',
196 verbose headers   'x-timer': 'S1485879993.014835,VS0,VE0',
196 verbose headers   vary: 'Accept-Encoding',
196 verbose headers   connection: 'close',
196 verbose headers   'content-encoding': 'gzip',
196 verbose headers   age: '185' }
197 silly get cb [ 200,
197 silly get   { server: 'nginx/1.10.1',
197 silly get     'content-type': 'application/json',
197 silly get     'last-modified': 'Tue, 31 Jan 2017 06:16:08 GMT',
197 silly get     etag: 'W/"58902ba8-5f72a"',
197 silly get     'cache-control': 'max-age=300',
197 silly get     'content-length': '26023',
197 silly get     'accept-ranges': 'bytes',
197 silly get     date: 'Tue, 31 Jan 2017 16:31:45 GMT',
197 silly get     via: '1.1 varnish',
197 silly get     'x-served-by': 'cache-lhr6325-LHR',
197 silly get     'x-cache': 'HIT',
197 silly get     'x-cache-hits': '9',
197 silly get     'x-timer': 'S1485879993.014835,VS0,VE0',
197 silly get     vary: 'Accept-Encoding',
197 silly get     connection: 'close',
197 silly get     'content-encoding': 'gzip',
197 silly get     age: '185' } ]
198 verbose get saving bluebird to C:\Users\44007368\AppData\Roaming\npm-cache\registry.npmjs.org\bluebird\.cache.json
199 verbose correctMkdir C:\Users\44007368\AppData\Roaming\npm-cache correctMkdir not in flight; initializing
200 silly resolveWithNewModule bluebird@2.11.0 checking installable status
201 silly cache add args [ 'bluebird@^2.10.0', null ]
202 verbose cache add spec bluebird@^2.10.0
203 silly cache add parsed spec Result {
203 silly cache add   raw: 'bluebird@^2.10.0',
203 silly cache add   scope: null,
203 silly cache add   escapedName: 'bluebird',
203 silly cache add   name: 'bluebird',
203 silly cache add   rawSpec: '^2.10.0',
203 silly cache add   spec: '>=2.10.0 <3.0.0',
203 silly cache add   type: 'range' }
204 silly addNamed bluebird@>=2.10.0 <3.0.0
205 verbose addNamed ">=2.10.0 <3.0.0" is a valid semver range for bluebird
206 silly addNameRange { name: 'bluebird', range: '>=2.10.0 <3.0.0', hasData: false }
207 silly mapToRegistry name bluebird
208 silly mapToRegistry using default registry
209 silly mapToRegistry registry https://registry.npmjs.org/
210 silly mapToRegistry data Result {
210 silly mapToRegistry   raw: 'bluebird',
210 silly mapToRegistry   scope: null,
210 silly mapToRegistry   escapedName: 'bluebird',
210 silly mapToRegistry   name: 'bluebird',
210 silly mapToRegistry   rawSpec: '',
210 silly mapToRegistry   spec: 'latest',
210 silly mapToRegistry   type: 'tag' }
211 silly mapToRegistry uri https://registry.npmjs.org/bluebird
212 verbose addNameRange registry:https://registry.npmjs.org/bluebird not in flight; fetching
213 verbose get https://registry.npmjs.org/bluebird not expired, no request
214 silly addNameRange number 2 { name: 'bluebird', range: '>=2.10.0 <3.0.0', hasData: true }
215 silly addNameRange versions [ 'bluebird',
215 silly addNameRange   [ '0.7.1-1',
215 silly addNameRange     '0.7.1-2',
215 silly addNameRange     '0.7.1-3',
215 silly addNameRange     '0.7.1-4',
215 silly addNameRange     '0.7.1-5',
215 silly addNameRange     '0.7.2-0',
215 silly addNameRange     '0.7.3-0',
215 silly addNameRange     '0.7.4-0',
215 silly addNameRange     '0.7.4-1',
215 silly addNameRange     '0.7.5-0',
215 silly addNameRange     '0.7.6-0',
215 silly addNameRange     '0.7.7-0',
215 silly addNameRange     '0.7.7-1',
215 silly addNameRange     '0.7.8-0',
215 silly addNameRange     '0.7.8-1',
215 silly addNameRange     '0.7.9-0',
215 silly addNameRange     '0.7.9-1',
215 silly addNameRange     '0.7.10-0',
215 silly addNameRange     '0.7.10-1',
215 silly addNameRange     '0.7.11-0',
215 silly addNameRange     '0.7.12-0',
215 silly addNameRange     '0.7.12-1',
215 silly addNameRange     '0.7.12-2',
215 silly addNameRange     '0.8.0-0',
215 silly addNameRange     '0.8.0-1',
215 silly addNameRange     '0.8.0-2',
215 silly addNameRange     '0.8.0-3',
215 silly addNameRange     '0.8.1-0',
215 silly addNameRange     '0.8.2-0',
215 silly addNameRange     '0.8.2-1',
215 silly addNameRange     '0.8.2-2',
215 silly addNameRange     '0.8.3-0',
215 silly addNameRange     '0.8.3-1',
215 silly addNameRange     '0.8.3-2',
215 silly addNameRange     '0.8.3-3',
215 silly addNameRange     '0.8.4-0',
215 silly addNameRange     '0.8.4-1',
215 silly addNameRange     '0.8.5-0',
215 silly addNameRange     '0.8.5-1',
215 silly addNameRange     '0.9.0-0',
215 silly addNameRange     '0.9.1-0',
215 silly addNameRange     '0.9.1-1',
215 silly addNameRange     '0.9.2-0',
215 silly addNameRange     '0.9.2-1',
215 silly addNameRange     '0.9.3-0',
215 silly addNameRange     '0.9.4-0',
215 silly addNameRange     '0.9.4-1',
215 silly addNameRange     '0.9.5-0',
215 silly addNameRange     '0.9.6-0',
215 silly addNameRange     '0.9.7-0',
215 silly addNameRange     '0.9.8-0',
215 silly addNameRange     '0.9.9-0',
215 silly addNameRange     '0.9.10-0',
215 silly addNameRange     '0.9.10-1',
215 silly addNameRange     '0.9.11-0',
215 silly addNameRange     '0.9.11-1',
215 silly addNameRange     '0.10.0-0',
215 silly addNameRange     '0.10.0-1',
215 silly addNameRange     '0.10.1-0',
215 silly addNameRange     '0.10.2-0',
215 silly addNameRange     '0.10.2-1',
215 silly addNameRange     '0.10.3-0',
215 silly addNameRange     '0.10.4-0',
215 silly addNameRange     '0.10.4-1',
215 silly addNameRange     '0.10.5-0',
215 silly addNameRange     '0.10.6-0',
215 silly addNameRange     '0.10.7-0',
215 silly addNameRange     '0.10.8-0',
215 silly addNameRange     '0.10.9-0',
215 silly addNameRange     '0.10.9-1',
215 silly addNameRange     '0.10.10-0',
215 silly addNameRange     '0.10.11-0',
215 silly addNameRange     '0.10.11-1',
215 silly addNameRange     '0.10.11-2',
215 silly addNameRange     '0.10.11-4',
215 silly addNameRange     '0.10.12-0',
215 silly addNameRange     '0.10.13-0',
215 silly addNameRange     '0.10.13-1',
215 silly addNameRange     '0.10.14-0',
215 silly addNameRange     '0.11.0-0',
215 silly addNameRange     '0.11.1-0',
215 silly addNameRange     '0.11.2-0',
215 silly addNameRange     '0.11.3-0',
215 silly addNameRange     '0.11.4-0',
215 silly addNameRange     '0.11.4-1',
215 silly addNameRange     '0.11.5-0',
215 silly addNameRange     '0.11.5-1',
215 silly addNameRange     '0.11.6-0',
215 silly addNameRange     '1.0.0',
215 silly addNameRange     '1.0.1',
215 silly addNameRange     '1.0.2',
215 silly addNameRange     '1.0.3',
215 silly addNameRange     '1.0.4',
215 silly addNameRange     '1.0.5',
215 silly addNameRange     '1.0.7',
215 silly addNameRange     '1.0.8',
215 silly addNameRange     '1.1.0',
215 silly addNameRange     '1.1.1',
215 silly addNameRange     '1.2.0',
215 silly addNameRange     '1.2.1',
215 silly addNameRange     '1.2.2',
215 silly addNameRange     '1.2.3',
215 silly addNameRange     '1.2.4',
215 silly addNameRange     '2.0.2',
215 silly addNameRange     '2.0.3',
215 silly addNameRange     '2.0.4',
215 silly addNameRange     '2.0.5',
215 silly addNameRange     '2.0.6',
215 silly addNameRange     '2.0.7',
215 silly addNameRange     '2.1.1',
215 silly addNameRange     '2.1.2',
215 silly addNameRange     '2.1.3',
215 silly addNameRange     '2.2.0',
215 silly addNameRange     '2.2.1',
215 silly addNameRange     '2.2.2',
215 silly addNameRange     '2.3.0',
215 silly addNameRange     '2.3.1',
215 silly addNameRange     '2.3.2',
215 silly addNameRange     '2.3.3',
215 silly addNameRange     '2.3.4',
215 silly addNameRange     '2.3.5',
215 silly addNameRange     '0.11.6',
215 silly addNameRange     '2.3.6',
215 silly addNameRange     '2.3.9',
215 silly addNameRange     '2.3.10',
215 silly addNameRange     '2.3.11',
215 silly addNameRange     '2.4.0',
215 silly addNameRange     '2.4.1',
215 silly addNameRange     '2.4.2',
215 silly addNameRange     '2.4.3',
215 silly addNameRange     '2.5.0',
215 silly addNameRange     '2.5.1',
215 silly addNameRange     '2.5.2',
215 silly addNameRange     '2.5.3',
215 silly addNameRange     '2.6.0',
215 silly addNameRange     '2.6.1',
215 silly addNameRange     '2.6.2',
215 silly addNameRange     '2.6.3',
215 silly addNameRange     '2.6.4',
215 silly addNameRange     '2.7.0',
215 silly addNameRange     '2.7.1',
215 silly addNameRange     '2.8.0',
215 silly addNameRange     '2.8.1',
215 silly addNameRange     '2.8.2',
215 silly addNameRange     '2.9.0',
215 silly addNameRange     '2.9.1',
215 silly addNameRange     '2.9.2',
215 silly addNameRange     '2.9.3',
215 silly addNameRange     '2.9.4',
215 silly addNameRange     '2.9.5',
215 silly addNameRange     '2.9.6',
215 silly addNameRange     '2.9.7',
215 silly addNameRange     '2.9.8',
215 silly addNameRange     '2.9.9',
215 silly addNameRange     '2.9.10',
215 silly addNameRange     '2.9.11',
215 silly addNameRange     '2.9.12',
215 silly addNameRange     '2.9.13',
215 silly addNameRange     '2.9.14',
215 silly addNameRange     '2.9.15',
215 silly addNameRange     '2.9.16',
215 silly addNameRange     '2.9.17',
215 silly addNameRange     '2.9.18',
215 silly addNameRange     '2.9.19',
215 silly addNameRange     '2.9.20',
215 silly addNameRange     '2.9.21',
215 silly addNameRange     '2.9.22',
215 silly addNameRange     '2.9.23',
215 silly addNameRange     '2.9.24',
215 silly addNameRange     '2.9.25',
215 silly addNameRange     '2.9.26',
215 silly addNameRange     '2.9.27',
215 silly addNameRange     '2.9.28',
215 silly addNameRange     '2.9.29',
215 silly addNameRange     '2.9.30',
215 silly addNameRange     '2.9.31',
215 silly addNameRange     '2.9.32',
215 silly addNameRange     '2.9.33',
215 silly addNameRange     '2.9.34',
215 silly addNameRange     '2.10.0',
215 silly addNameRange     '2.10.1',
215 silly addNameRange     '2.10.2',
215 silly addNameRange     '3.0.0',
215 silly addNameRange     '3.0.1',
215 silly addNameRange     '3.0.2',
215 silly addNameRange     '3.0.3',
215 silly addNameRange     '3.0.4',
215 silly addNameRange     '3.0.5',
215 silly addNameRange     '3.0.6',
215 silly addNameRange     '3.1.0',
215 silly addNameRange     '3.1.1',
215 silly addNameRange     '3.1.2',
215 silly addNameRange     '3.1.3',
215 silly addNameRange     '3.1.4',
215 silly addNameRange     '3.1.5',
215 silly addNameRange     '3.2.0',
215 silly addNameRange     '3.2.1',
215 silly addNameRange     '3.2.2',
215 silly addNameRange     '3.3.0',
215 silly addNameRange     '3.3.1',
215 silly addNameRange     '3.3.2',
215 silly addNameRange     '3.3.3',
215 silly addNameRange     '3.3.4',
215 silly addNameRange     '3.3.5',
215 silly addNameRange     '3.4.0',
215 silly addNameRange     '3.4.1',
215 silly addNameRange     '3.4.2',
215 silly addNameRange     '3.4.3',
215 silly addNameRange     '3.4.4',
215 silly addNameRange     '2.11.0',
215 silly addNameRange     '3.4.5',
215 silly addNameRange     '3.4.6',
215 silly addNameRange     '3.4.7' ] ]
216 silly addNamed bluebird@2.11.0
217 verbose addNamed "2.11.0" is a plain semver version for bluebird
218 silly mapToRegistry name bluebird
219 silly mapToRegistry using default registry
220 silly mapToRegistry registry https://registry.npmjs.org/
221 silly mapToRegistry data Result {
221 silly mapToRegistry   raw: 'bluebird',
221 silly mapToRegistry   scope: null,
221 silly mapToRegistry   escapedName: 'bluebird',
221 silly mapToRegistry   name: 'bluebird',
221 silly mapToRegistry   rawSpec: '',
221 silly mapToRegistry   spec: 'latest',
221 silly mapToRegistry   type: 'tag' }
222 silly mapToRegistry uri https://registry.npmjs.org/bluebird
223 verbose addRemoteTarball https://registry.npmjs.org/bluebird/-/bluebird-2.11.0.tgz not in flight; adding
224 verbose addRemoteTarball [ 'https://registry.npmjs.org/bluebird/-/bluebird-2.11.0.tgz',
224 verbose addRemoteTarball   '534b9033c022c9579c56ba3b3e5a5caafbb650e1' ]
225 info retry fetch attempt 1 at 4:31:45 PM
226 info attempt registry request try #1 at 4:31:45 PM
227 http fetch GET https://registry.npmjs.org/bluebird/-/bluebird-2.11.0.tgz
228 http fetch 200 https://registry.npmjs.org/bluebird/-/bluebird-2.11.0.tgz
229 info attempt registry request try #2 at 4:31:45 PM
230 http request GET https://registry.npmjs.org/fs-extra
231 http 200 https://registry.npmjs.org/fs-extra
232 verbose headers { server: 'nginx/1.10.1',
232 verbose headers   'content-type': 'application/json',
232 verbose headers   'last-modified': 'Tue, 31 Jan 2017 07:30:06 GMT',
232 verbose headers   etag: 'W/"58903cfe-1cd91"',
232 verbose headers   'cache-control': 'max-age=300',
232 verbose headers   'content-length': '13441',
232 verbose headers   'accept-ranges': 'bytes',
232 verbose headers   date: 'Tue, 31 Jan 2017 16:31:45 GMT',
232 verbose headers   via: '1.1 varnish',
232 verbose headers   'x-served-by': 'cache-lhr6351-LHR',
232 verbose headers   'x-cache': 'HIT',
232 verbose headers   'x-cache-hits': '14',
232 verbose headers   'x-timer': 'S1485879993.012293,VS0,VE0',
232 verbose headers   vary: 'Accept-Encoding',
232 verbose headers   connection: 'close',
232 verbose headers   'content-encoding': 'gzip',
232 verbose headers   age: '234' }
233 silly get cb [ 200,
233 silly get   { server: 'nginx/1.10.1',
233 silly get     'content-type': 'application/json',
233 silly get     'last-modified': 'Tue, 31 Jan 2017 07:30:06 GMT',
233 silly get     etag: 'W/"58903cfe-1cd91"',
233 silly get     'cache-control': 'max-age=300',
233 silly get     'content-length': '13441',
233 silly get     'accept-ranges': 'bytes',
233 silly get     date: 'Tue, 31 Jan 2017 16:31:45 GMT',
233 silly get     via: '1.1 varnish',
233 silly get     'x-served-by': 'cache-lhr6351-LHR',
233 silly get     'x-cache': 'HIT',
233 silly get     'x-cache-hits': '14',
233 silly get     'x-timer': 'S1485879993.012293,VS0,VE0',
233 silly get     vary: 'Accept-Encoding',
233 silly get     connection: 'close',
233 silly get     'content-encoding': 'gzip',
233 silly get     age: '234' } ]
234 verbose get saving fs-extra to C:\Users\44007368\AppData\Roaming\npm-cache\registry.npmjs.org\fs-extra\.cache.json
235 verbose correctMkdir C:\Users\44007368\AppData\Roaming\npm-cache correctMkdir not in flight; initializing
236 silly resolveWithNewModule fs-extra@0.24.0 checking installable status
237 silly cache add args [ 'fs-extra@^0.24.0', null ]
238 verbose cache add spec fs-extra@^0.24.0
239 silly cache add parsed spec Result {
239 silly cache add   raw: 'fs-extra@^0.24.0',
239 silly cache add   scope: null,
239 silly cache add   escapedName: 'fs-extra',
239 silly cache add   name: 'fs-extra',
239 silly cache add   rawSpec: '^0.24.0',
239 silly cache add   spec: '>=0.24.0 <0.25.0',
239 silly cache add   type: 'range' }
240 silly addNamed fs-extra@>=0.24.0 <0.25.0
241 verbose addNamed ">=0.24.0 <0.25.0" is a valid semver range for fs-extra
242 silly addNameRange { name: 'fs-extra', range: '>=0.24.0 <0.25.0', hasData: false }
243 silly mapToRegistry name fs-extra
244 silly mapToRegistry using default registry
245 silly mapToRegistry registry https://registry.npmjs.org/
246 silly mapToRegistry data Result {
246 silly mapToRegistry   raw: 'fs-extra',
246 silly mapToRegistry   scope: null,
246 silly mapToRegistry   escapedName: 'fs-extra',
246 silly mapToRegistry   name: 'fs-extra',
246 silly mapToRegistry   rawSpec: '',
246 silly mapToRegistry   spec: 'latest',
246 silly mapToRegistry   type: 'tag' }
247 silly mapToRegistry uri https://registry.npmjs.org/fs-extra
248 verbose addNameRange registry:https://registry.npmjs.org/fs-extra not in flight; fetching
249 verbose get https://registry.npmjs.org/fs-extra not expired, no request
250 silly addNameRange number 2 { name: 'fs-extra', range: '>=0.24.0 <0.25.0', hasData: true }
251 silly addNameRange versions [ 'fs-extra',
251 silly addNameRange   [ '0.0.1',
251 silly addNameRange     '0.0.11',
251 silly addNameRange     '0.0.3',
251 silly addNameRange     '0.0.4',
251 silly addNameRange     '0.1.0',
251 silly addNameRange     '0.1.1',
251 silly addNameRange     '0.1.2',
251 silly addNameRange     '0.1.3',
251 silly addNameRange     '0.2.0',
251 silly addNameRange     '0.2.1',
251 silly addNameRange     '0.3.0',
251 silly addNameRange     '0.3.1',
251 silly addNameRange     '0.3.2',
251 silly addNameRange     '0.4.0',
251 silly addNameRange     '0.5.0',
251 silly addNameRange     '0.6.0',
251 silly addNameRange     '0.6.1',
251 silly addNameRange     '0.6.2',
251 silly addNameRange     '0.6.3',
251 silly addNameRange     '0.6.4',
251 silly addNameRange     '0.7.0',
251 silly addNameRange     '0.7.1',
251 silly addNameRange     '0.8.0',
251 silly addNameRange     '0.8.1',
251 silly addNameRange     '0.9.0',
251 silly addNameRange     '0.9.1',
251 silly addNameRange     '0.10.0',
251 silly addNameRange     '0.11.0',
251 silly addNameRange     '0.11.1',
251 silly addNameRange     '0.12.0',
251 silly addNameRange     '0.13.0',
251 silly addNameRange     '0.14.0',
251 silly addNameRange     '0.15.0',
251 silly addNameRange     '0.16.0',
251 silly addNameRange     '0.16.1',
251 silly addNameRange     '0.16.2',
251 silly addNameRange     '0.16.3',
251 silly addNameRange     '0.16.4',
251 silly addNameRange     '0.16.5',
251 silly addNameRange     '0.17.0',
251 silly addNameRange     '0.18.0',
251 silly addNameRange     '0.18.1',
251 silly addNameRange     '0.18.2',
251 silly addNameRange     '0.18.3',
251 silly addNameRange     '0.18.4',
251 silly addNameRange     '0.19.0',
251 silly addNameRange     '0.20.0',
251 silly addNameRange     '0.20.1',
251 silly addNameRange     '0.21.0',
251 silly addNameRange     '0.22.0',
251 silly addNameRange     '0.22.1',
251 silly addNameRange     '0.23.0',
251 silly addNameRange     '0.23.1',
251 silly addNameRange     '0.24.0',
251 silly addNameRange     '0.25.0',
251 silly addNameRange     '0.26.0',
251 silly addNameRange     '0.26.1',
251 silly addNameRange     '0.26.2',
251 silly addNameRange     '0.26.3',
251 silly addNameRange     '0.26.4',
251 silly addNameRange     '0.26.5',
251 silly addNameRange     '0.26.6',
251 silly addNameRange     '0.26.7',
251 silly addNameRange     '0.27.0',
251 silly addNameRange     '0.28.0',
251 silly addNameRange     '0.29.0',
251 silly addNameRange     '0.30.0',
251 silly addNameRange     '1.0.0',
251 silly addNameRange     '2.0.0' ] ]
252 silly addNamed fs-extra@0.24.0
253 verbose addNamed "0.24.0" is a plain semver version for fs-extra
254 silly mapToRegistry name fs-extra
255 silly mapToRegistry using default registry
256 silly mapToRegistry registry https://registry.npmjs.org/
257 silly mapToRegistry data Result {
257 silly mapToRegistry   raw: 'fs-extra',
257 silly mapToRegistry   scope: null,
257 silly mapToRegistry   escapedName: 'fs-extra',
257 silly mapToRegistry   name: 'fs-extra',
257 silly mapToRegistry   rawSpec: '',
257 silly mapToRegistry   spec: 'latest',
257 silly mapToRegistry   type: 'tag' }
258 silly mapToRegistry uri https://registry.npmjs.org/fs-extra
259 verbose addRemoteTarball https://registry.npmjs.org/fs-extra/-/fs-extra-0.24.0.tgz not in flight; adding
260 verbose addRemoteTarball [ 'https://registry.npmjs.org/fs-extra/-/fs-extra-0.24.0.tgz',
260 verbose addRemoteTarball   'd4e4342a96675cb7846633a6099249332b539952' ]
261 info retry fetch attempt 1 at 4:31:45 PM
262 info attempt registry request try #1 at 4:31:45 PM
263 http fetch GET https://registry.npmjs.org/fs-extra/-/fs-extra-0.24.0.tgz
264 http fetch 200 https://registry.npmjs.org/fs-extra/-/fs-extra-0.24.0.tgz
265 silly fetchAndShaCheck shasum d4e4342a96675cb7846633a6099249332b539952
266 verbose addTmpTarball C:\Users\44007368\AppData\Local\Temp\npm-3872-5ce17ba5\registry.npmjs.org\fs-extra\-\fs-extra-0.24.0.tgz not in flight; adding
267 verbose addTmpTarball already have metadata; skipping unpack for fs-extra@0.24.0
268 verbose correctMkdir C:\Users\44007368\AppData\Roaming\npm-cache correctMkdir not in flight; initializing
269 silly cache afterAdd fs-extra@0.24.0
270 verbose afterAdd C:\Users\44007368\AppData\Roaming\npm-cache\fs-extra\0.24.0\package\package.json not in flight; writing
271 verbose correctMkdir C:\Users\44007368\AppData\Roaming\npm-cache correctMkdir not in flight; initializing
272 verbose afterAdd C:\Users\44007368\AppData\Roaming\npm-cache\fs-extra\0.24.0\package\package.json written
273 info retry will retry, error on last attempt: Error: read ECONNRESET
274 silly fetchAndShaCheck shasum 534b9033c022c9579c56ba3b3e5a5caafbb650e1
275 silly rollbackFailedOptional Starting
276 silly rollbackFailedOptional Finishing
277 silly runTopLevelLifecycles Finishing
278 silly install printInstalled
279 verbose stack Error: shasum check failed for C:\Users\44007368\AppData\Local\Temp\npm-3872-5ce17ba5\registry.npmjs.org\bluebird\-\bluebird-2.11.0.tgz
279 verbose stack Expected: 534b9033c022c9579c56ba3b3e5a5caafbb650e1
279 verbose stack Actual:   0faada40b15ceb0448a8a72b51409edf7e47ab0b
279 verbose stack From:     https://registry.npmjs.org/bluebird/-/bluebird-2.11.0.tgz
279 verbose stack     at C:\Users\44007368\AppData\Roaming\npm\node_modules\npm\node_modules\sha\index.js:25:8
279 verbose stack     at ReadStream.<anonymous> (C:\Users\44007368\AppData\Roaming\npm\node_modules\npm\node_modules\sha\index.js:72:7)
279 verbose stack     at emitNone (events.js:85:20)
279 verbose stack     at ReadStream.emit (events.js:179:7)
279 verbose stack     at endReadableNT (_stream_readable.js:913:12)
279 verbose stack     at _combinedTickCallback (node.js:377:13)
279 verbose stack     at process._tickCallback (node.js:401:11)
280 verbose cwd C:\Users\44007368\HSBC\cxp\hsbc-demo\statics\collection\components\src\permission-management-bundle\widget-accounting-package-selection
281 error Windows_NT 6.1.7601
282 error argv "C:\\SWDTOOLS\\nodejs\\node.exe" "C:\\Users\\44007368\\AppData\\Roaming\\npm\\node_modules\\npm\\bin\\npm-cli.js" "install" "--global" "filesystem-bower-resolver"
283 error node v5.7.0
284 error npm  v4.0.5
285 error shasum check failed for C:\Users\44007368\AppData\Local\Temp\npm-3872-5ce17ba5\registry.npmjs.org\bluebird\-\bluebird-2.11.0.tgz
285 error Expected: 534b9033c022c9579c56ba3b3e5a5caafbb650e1
285 error Actual:   0faada40b15ceb0448a8a72b51409edf7e47ab0b
285 error From:     https://registry.npmjs.org/bluebird/-/bluebird-2.11.0.tgz
286 error If you need help, you may report this error at:
286 error     <https://github.com/npm/npm/issues>
287 verbose exit [ 1, true ]
